[{"line":1,"elements":[{"line":3,"name":"US017 ortak methodlar","description":"","type":"background","keyword":"Background","steps":[{"result":{"duration":7837291500,"status":"passed"},"line":4,"name":"User Medunna Url ye gider","match":{"location":"stepDefinitions.Ui.US003StepD.user_medunna_url_ye_gider()"},"keyword":"Given "},{"result":{"duration":252974200,"status":"passed"},"line":5,"name":"User isaretine ve signin butonunu tiklar","match":{"location":"stepDefinitions.Ui.US017StepD.userIsaretineVeSigninButonunuTiklar()"},"keyword":"Then "},{"result":{"duration":219455900,"status":"passed"},"line":6,"name":"Admin username ve passwordu girer ve sign in butonuna tiklar","match":{"location":"stepDefinitions.Ui.US017StepD.adminUsernameVePassworduGirerVeSignInButonunaTiklar()"},"keyword":"Then "},{"result":{"duration":5652609900,"status":"passed"},"line":7,"name":"Items items sekmesine ve test item sekmesine tiklar","match":{"location":"stepDefinitions.Ui.US017StepD.itemsItemsSekmesineVeTestItemSekmesineTiklar()"},"keyword":"Then "}]},{"start_timestamp":"2022-09-01T10:44:51.233Z","line":10,"name":"Admin yeni test ogeleri oluşturabilir","description":"","id":"us017-test-items-(oge)-olustur/guncelle/sil;admin-yeni-test-ogeleri-oluşturabilir","type":"scenario","keyword":"Scenario","steps":[{"result":{"duration":100058500,"status":"passed"},"line":11,"name":"Create a new Test Item butonuna tiklar","match":{"location":"stepDefinitions.Ui.US017StepD.createANewTestItemButonunaTiklar()"},"keyword":"Then "},{"result":{"duration":1964471800,"status":"passed"},"line":12,"name":"Name Description Price Default  Min Value Default Max Value lari girer ve Save butonuna tiklayarak Test Item olusturur ve dogrular","match":{"location":"stepDefinitions.Ui.US017StepD.nameDescriptionPriceDefaultMinValueDefaultMaxValueLariGirerVeSaveButonunaTiklayarakTestItemOlustururVeDogrular()"},"keyword":"Then "}],"tags":[{"name":"@US017_TC01"},{"name":"@US017"}]},{"line":3,"name":"US017 ortak methodlar","description":"","type":"background","keyword":"Background","steps":[{"result":{"duration":1311062100,"status":"passed"},"line":4,"name":"User Medunna Url ye gider","match":{"location":"stepDefinitions.Ui.US003StepD.user_medunna_url_ye_gider()"},"keyword":"Given "},{"result":{"error_message":"org.openqa.selenium.NoSuchElementException: no such element: Unable to locate element: {\"method\":\"xpath\",\"selector\":\"//*[text()='Sign in']\"}\n  (Session info: chrome=104.0.5112.102)\nFor documentation on this error, please visit: https://selenium.dev/exceptions/#no_such_element\nBuild info: version: '4.1.3', revision: '7b1ebf28ef'\nSystem info: host: 'CAPTIVA49', ip: '192.168.2.116', os.name: 'Windows 11', os.arch: 'amd64', os.version: '10.0', java.version: '11.0.14.1'\nDriver info: org.openqa.selenium.chrome.ChromeDriver\nCommand: [e77d5186d0db71c4985076e139c6b458, findElement {using=xpath, value=//*[text()='Sign in']}]\nCapabilities {acceptInsecureCerts: false, browserName: chrome, browserVersion: 104.0.5112.102, chrome: {chromedriverVersion: 104.0.5112.79 (3cf3e8c8a07d..., userDataDir: C:\\Users\\konta\\AppData\\Loca...}, goog:chromeOptions: {debuggerAddress: localhost:57613}, javascriptEnabled: true, networkConnectionEnabled: false, pageLoadStrategy: normal, platform: WINDOWS, platformName: WINDOWS, proxy: Proxy(), se:cdp: ws://localhost:57613/devtoo..., se:cdpVersion: 104.0.5112.102, setWindowRect: true, strictFileInteractability: false, timeouts: {implicit: 0, pageLoad: 300000, script: 30000}, unhandledPromptBehavior: dismiss and notify, webauthn:extension:credBlob: true, webauthn:extension:largeBlob: true, webauthn:virtualAuthenticators: true}\nSession ID: e77d5186d0db71c4985076e139c6b458\r\n\tat java.base/jdk.internal.reflect.NativeConstructorAccessorImpl.newInstance0(Native Method)\r\n\tat java.base/jdk.internal.reflect.NativeConstructorAccessorImpl.newInstance(NativeConstructorAccessorImpl.java:62)\r\n\tat java.base/jdk.internal.reflect.DelegatingConstructorAccessorImpl.newInstance(DelegatingConstructorAccessorImpl.java:45)\r\n\tat java.base/java.lang.reflect.Constructor.newInstance(Constructor.java:490)\r\n\tat org.openqa.selenium.remote.codec.w3c.W3CHttpResponseCodec.createException(W3CHttpResponseCodec.java:200)\r\n\tat org.openqa.selenium.remote.codec.w3c.W3CHttpResponseCodec.decode(W3CHttpResponseCodec.java:133)\r\n\tat org.openqa.selenium.remote.codec.w3c.W3CHttpResponseCodec.decode(W3CHttpResponseCodec.java:53)\r\n\tat org.openqa.selenium.remote.HttpCommandExecutor.execute(HttpCommandExecutor.java:184)\r\n\tat org.openqa.selenium.remote.service.DriverCommandExecutor.invokeExecute(DriverCommandExecutor.java:167)\r\n\tat org.openqa.selenium.remote.service.DriverCommandExecutor.execute(DriverCommandExecutor.java:142)\r\n\tat org.openqa.selenium.remote.RemoteWebDriver.execute(RemoteWebDriver.java:567)\r\n\tat org.openqa.selenium.remote.ElementLocation$ElementFinder$2.findElement(ElementLocation.java:162)\r\n\tat org.openqa.selenium.remote.ElementLocation.findElement(ElementLocation.java:60)\r\n\tat org.openqa.selenium.remote.RemoteWebDriver.findElement(RemoteWebDriver.java:385)\r\n\tat org.openqa.selenium.remote.RemoteWebDriver.findElement(RemoteWebDriver.java:377)\r\n\tat org.openqa.selenium.support.pagefactory.DefaultElementLocator.findElement(DefaultElementLocator.java:70)\r\n\tat org.openqa.selenium.support.pagefactory.internal.LocatingElementHandler.invoke(LocatingElementHandler.java:39)\r\n\tat com.sun.proxy.$Proxy23.click(Unknown Source)\r\n\tat stepDefinitions.Ui.US017StepD.userIsaretineVeSigninButonunuTiklar(US017StepD.java:45)\r\n\tat ✽.User isaretine ve signin butonunu tiklar(file:///C:/Users/konta/IdeaProjects/MedunnaProject_65/src/test/resources/features/UiFeatures/US017.feature:5)\r\n","duration":117052200,"status":"failed"},"line":5,"name":"User isaretine ve signin butonunu tiklar","match":{"location":"stepDefinitions.Ui.US017StepD.userIsaretineVeSigninButonunuTiklar()"},"keyword":"Then "},{"result":{"status":"skipped"},"line":6,"name":"Admin username ve passwordu girer ve sign in butonuna tiklar","match":{"location":"stepDefinitions.Ui.US017StepD.adminUsernameVePassworduGirerVeSignInButonunaTiklar()"},"keyword":"Then "},{"result":{"status":"skipped"},"line":7,"name":"Items items sekmesine ve test item sekmesine tiklar","match":{"location":"stepDefinitions.Ui.US017StepD.itemsItemsSekmesineVeTestItemSekmesineTiklar()"},"keyword":"Then "}]},{"start_timestamp":"2022-09-01T10:45:07.466Z","line":15,"name":"Admin, \"test items; Name, Description, price Default min value, Default max value ve","description":"  created date (Gun/Ay/Yıl) oluşturabilir ve guncelleyebilir.","id":"us017-test-items-(oge)-olustur/guncelle/sil;admin--\"test-items;-name--description--price-default-min-value--default-max-value-ve","type":"scenario","keyword":"Scenario","steps":[{"result":{"status":"skipped"},"line":17,"name":"Create a new Test Item butonuna tiklar","match":{"location":"stepDefinitions.Ui.US017StepD.createANewTestItemButonunaTiklar()"},"keyword":"Then "},{"result":{"status":"skipped"},"line":18,"name":"Name Description Price Default Min Value Default ve Created Date verilerini girer","match":{"location":"stepDefinitions.Ui.US017StepD.nameDescriptionPriceDefaultMinValueDefaultVeCreatedDateVerileriniGirer()"},"keyword":"Then "},{"result":{"status":"skipped"},"line":19,"name":"Save butonuna tiklar, ID sekmesine tiklar, olusturulan Itemin Edit butonuna tiklayarak eski verileri gunceller ve save butonuna tiklar","match":{"location":"stepDefinitions.Ui.US017StepD.saveButonunaTiklarIDSekmesineTiklarOlusturulanIteminEditButonunaTiklayarakEskiVerileriGuncellerVeSaveButonunaTiklar()"},"keyword":"Then "},{"result":{"status":"skipped"},"line":20,"name":"Güncel Itemin gorunurlugu dogrulanir","match":{"location":"stepDefinitions.Ui.US017StepD.güncelIteminGorunurluguDogrulanir()"},"keyword":"Then "}],"tags":[{"name":"@US017_TC02"},{"name":"@US017"}]},{"line":3,"name":"US017 ortak methodlar","description":"","type":"background","keyword":"Background","steps":[{"result":{"duration":1305539300,"status":"passed"},"line":4,"name":"User Medunna Url ye gider","match":{"location":"stepDefinitions.Ui.US003StepD.user_medunna_url_ye_gider()"},"keyword":"Given "},{"result":{"error_message":"org.openqa.selenium.NoSuchElementException: no such element: Unable to locate element: {\"method\":\"xpath\",\"selector\":\"//*[text()='Sign in']\"}\n  (Session info: chrome=104.0.5112.102)\nFor documentation on this error, please visit: https://selenium.dev/exceptions/#no_such_element\nBuild info: version: '4.1.3', revision: '7b1ebf28ef'\nSystem info: host: 'CAPTIVA49', ip: '192.168.2.116', os.name: 'Windows 11', os.arch: 'amd64', os.version: '10.0', java.version: '11.0.14.1'\nDriver info: org.openqa.selenium.chrome.ChromeDriver\nCommand: [e77d5186d0db71c4985076e139c6b458, findElement {using=xpath, value=//*[text()='Sign in']}]\nCapabilities {acceptInsecureCerts: false, browserName: chrome, browserVersion: 104.0.5112.102, chrome: {chromedriverVersion: 104.0.5112.79 (3cf3e8c8a07d..., userDataDir: C:\\Users\\konta\\AppData\\Loca...}, goog:chromeOptions: {debuggerAddress: localhost:57613}, javascriptEnabled: true, networkConnectionEnabled: false, pageLoadStrategy: normal, platform: WINDOWS, platformName: WINDOWS, proxy: Proxy(), se:cdp: ws://localhost:57613/devtoo..., se:cdpVersion: 104.0.5112.102, setWindowRect: true, strictFileInteractability: false, timeouts: {implicit: 0, pageLoad: 300000, script: 30000}, unhandledPromptBehavior: dismiss and notify, webauthn:extension:credBlob: true, webauthn:extension:largeBlob: true, webauthn:virtualAuthenticators: true}\nSession ID: e77d5186d0db71c4985076e139c6b458\r\n\tat java.base/jdk.internal.reflect.NativeConstructorAccessorImpl.newInstance0(Native Method)\r\n\tat java.base/jdk.internal.reflect.NativeConstructorAccessorImpl.newInstance(NativeConstructorAccessorImpl.java:62)\r\n\tat java.base/jdk.internal.reflect.DelegatingConstructorAccessorImpl.newInstance(DelegatingConstructorAccessorImpl.java:45)\r\n\tat java.base/java.lang.reflect.Constructor.newInstance(Constructor.java:490)\r\n\tat org.openqa.selenium.remote.codec.w3c.W3CHttpResponseCodec.createException(W3CHttpResponseCodec.java:200)\r\n\tat org.openqa.selenium.remote.codec.w3c.W3CHttpResponseCodec.decode(W3CHttpResponseCodec.java:133)\r\n\tat org.openqa.selenium.remote.codec.w3c.W3CHttpResponseCodec.decode(W3CHttpResponseCodec.java:53)\r\n\tat org.openqa.selenium.remote.HttpCommandExecutor.execute(HttpCommandExecutor.java:184)\r\n\tat org.openqa.selenium.remote.service.DriverCommandExecutor.invokeExecute(DriverCommandExecutor.java:167)\r\n\tat org.openqa.selenium.remote.service.DriverCommandExecutor.execute(DriverCommandExecutor.java:142)\r\n\tat org.openqa.selenium.remote.RemoteWebDriver.execute(RemoteWebDriver.java:567)\r\n\tat org.openqa.selenium.remote.ElementLocation$ElementFinder$2.findElement(ElementLocation.java:162)\r\n\tat org.openqa.selenium.remote.ElementLocation.findElement(ElementLocation.java:60)\r\n\tat org.openqa.selenium.remote.RemoteWebDriver.findElement(RemoteWebDriver.java:385)\r\n\tat org.openqa.selenium.remote.RemoteWebDriver.findElement(RemoteWebDriver.java:377)\r\n\tat org.openqa.selenium.support.pagefactory.DefaultElementLocator.findElement(DefaultElementLocator.java:70)\r\n\tat org.openqa.selenium.support.pagefactory.internal.LocatingElementHandler.invoke(LocatingElementHandler.java:39)\r\n\tat com.sun.proxy.$Proxy23.click(Unknown Source)\r\n\tat stepDefinitions.Ui.US017StepD.userIsaretineVeSigninButonunuTiklar(US017StepD.java:45)\r\n\tat ✽.User isaretine ve signin butonunu tiklar(file:///C:/Users/konta/IdeaProjects/MedunnaProject_65/src/test/resources/features/UiFeatures/US017.feature:5)\r\n","duration":90467100,"status":"failed"},"line":5,"name":"User isaretine ve signin butonunu tiklar","match":{"location":"stepDefinitions.Ui.US017StepD.userIsaretineVeSigninButonunuTiklar()"},"keyword":"Then "},{"result":{"status":"skipped"},"line":6,"name":"Admin username ve passwordu girer ve sign in butonuna tiklar","match":{"location":"stepDefinitions.Ui.US017StepD.adminUsernameVePassworduGirerVeSignInButonunaTiklar()"},"keyword":"Then "},{"result":{"status":"skipped"},"line":7,"name":"Items items sekmesine ve test item sekmesine tiklar","match":{"location":"stepDefinitions.Ui.US017StepD.itemsItemsSekmesineVeTestItemSekmesineTiklar()"},"keyword":"Then "}]},{"start_timestamp":"2022-09-01T10:45:08.951Z","line":23,"name":"Admin test ogelerini goruntuleyebilir","description":"","id":"us017-test-items-(oge)-olustur/guncelle/sil;admin-test-ogelerini-goruntuleyebilir","type":"scenario","keyword":"Scenario","steps":[{"result":{"status":"skipped"},"line":24,"name":"Create a new Test Item butonuna tiklar","match":{"location":"stepDefinitions.Ui.US017StepD.createANewTestItemButonunaTiklar()"},"keyword":"Then "},{"result":{"status":"skipped"},"line":25,"name":"Name Description Price Default Min Value Default ve Created Date verilerini girer","match":{"location":"stepDefinitions.Ui.US017StepD.nameDescriptionPriceDefaultMinValueDefaultVeCreatedDateVerileriniGirer()"},"keyword":"Then "},{"result":{"status":"skipped"},"line":26,"name":"Save butonuna tiklar, ID sekmesine tiklar, olusturulan Itemin Edit butonuna tiklayarak eski verileri gunceller ve save butonuna tiklar","match":{"location":"stepDefinitions.Ui.US017StepD.saveButonunaTiklarIDSekmesineTiklarOlusturulanIteminEditButonunaTiklayarakEskiVerileriGuncellerVeSaveButonunaTiklar()"},"keyword":"Then "},{"result":{"status":"skipped"},"line":27,"name":"Herhangi bir Test Iteminin View butonuna tiklayarak goruldugunu dogrular","match":{"location":"stepDefinitions.Ui.US017StepD.herhangiBirTestItemininViewButonunaTiklayarakGoruldugunuDogrular()"},"keyword":"Then "}],"tags":[{"name":"@US017_TC03"},{"name":"@US017"}]},{"line":3,"name":"US017 ortak methodlar","description":"","type":"background","keyword":"Background","steps":[{"result":{"duration":1270624900,"status":"passed"},"line":4,"name":"User Medunna Url ye gider","match":{"location":"stepDefinitions.Ui.US003StepD.user_medunna_url_ye_gider()"},"keyword":"Given "},{"result":{"error_message":"org.openqa.selenium.NoSuchElementException: no such element: Unable to locate element: {\"method\":\"xpath\",\"selector\":\"//*[text()='Sign in']\"}\n  (Session info: chrome=104.0.5112.102)\nFor documentation on this error, please visit: https://selenium.dev/exceptions/#no_such_element\nBuild info: version: '4.1.3', revision: '7b1ebf28ef'\nSystem info: host: 'CAPTIVA49', ip: '192.168.2.116', os.name: 'Windows 11', os.arch: 'amd64', os.version: '10.0', java.version: '11.0.14.1'\nDriver info: org.openqa.selenium.chrome.ChromeDriver\nCommand: [e77d5186d0db71c4985076e139c6b458, findElement {using=xpath, value=//*[text()='Sign in']}]\nCapabilities {acceptInsecureCerts: false, browserName: chrome, browserVersion: 104.0.5112.102, chrome: {chromedriverVersion: 104.0.5112.79 (3cf3e8c8a07d..., userDataDir: C:\\Users\\konta\\AppData\\Loca...}, goog:chromeOptions: {debuggerAddress: localhost:57613}, javascriptEnabled: true, networkConnectionEnabled: false, pageLoadStrategy: normal, platform: WINDOWS, platformName: WINDOWS, proxy: Proxy(), se:cdp: ws://localhost:57613/devtoo..., se:cdpVersion: 104.0.5112.102, setWindowRect: true, strictFileInteractability: false, timeouts: {implicit: 0, pageLoad: 300000, script: 30000}, unhandledPromptBehavior: dismiss and notify, webauthn:extension:credBlob: true, webauthn:extension:largeBlob: true, webauthn:virtualAuthenticators: true}\nSession ID: e77d5186d0db71c4985076e139c6b458\r\n\tat java.base/jdk.internal.reflect.NativeConstructorAccessorImpl.newInstance0(Native Method)\r\n\tat java.base/jdk.internal.reflect.NativeConstructorAccessorImpl.newInstance(NativeConstructorAccessorImpl.java:62)\r\n\tat java.base/jdk.internal.reflect.DelegatingConstructorAccessorImpl.newInstance(DelegatingConstructorAccessorImpl.java:45)\r\n\tat java.base/java.lang.reflect.Constructor.newInstance(Constructor.java:490)\r\n\tat org.openqa.selenium.remote.codec.w3c.W3CHttpResponseCodec.createException(W3CHttpResponseCodec.java:200)\r\n\tat org.openqa.selenium.remote.codec.w3c.W3CHttpResponseCodec.decode(W3CHttpResponseCodec.java:133)\r\n\tat org.openqa.selenium.remote.codec.w3c.W3CHttpResponseCodec.decode(W3CHttpResponseCodec.java:53)\r\n\tat org.openqa.selenium.remote.HttpCommandExecutor.execute(HttpCommandExecutor.java:184)\r\n\tat org.openqa.selenium.remote.service.DriverCommandExecutor.invokeExecute(DriverCommandExecutor.java:167)\r\n\tat org.openqa.selenium.remote.service.DriverCommandExecutor.execute(DriverCommandExecutor.java:142)\r\n\tat org.openqa.selenium.remote.RemoteWebDriver.execute(RemoteWebDriver.java:567)\r\n\tat org.openqa.selenium.remote.ElementLocation$ElementFinder$2.findElement(ElementLocation.java:162)\r\n\tat org.openqa.selenium.remote.ElementLocation.findElement(ElementLocation.java:60)\r\n\tat org.openqa.selenium.remote.RemoteWebDriver.findElement(RemoteWebDriver.java:385)\r\n\tat org.openqa.selenium.remote.RemoteWebDriver.findElement(RemoteWebDriver.java:377)\r\n\tat org.openqa.selenium.support.pagefactory.DefaultElementLocator.findElement(DefaultElementLocator.java:70)\r\n\tat org.openqa.selenium.support.pagefactory.internal.LocatingElementHandler.invoke(LocatingElementHandler.java:39)\r\n\tat com.sun.proxy.$Proxy23.click(Unknown Source)\r\n\tat stepDefinitions.Ui.US017StepD.userIsaretineVeSigninButonunuTiklar(US017StepD.java:45)\r\n\tat ✽.User isaretine ve signin butonunu tiklar(file:///C:/Users/konta/IdeaProjects/MedunnaProject_65/src/test/resources/features/UiFeatures/US017.feature:5)\r\n","duration":114974400,"status":"failed"},"line":5,"name":"User isaretine ve signin butonunu tiklar","match":{"location":"stepDefinitions.Ui.US017StepD.userIsaretineVeSigninButonunuTiklar()"},"keyword":"Then "},{"result":{"status":"skipped"},"line":6,"name":"Admin username ve passwordu girer ve sign in butonuna tiklar","match":{"location":"stepDefinitions.Ui.US017StepD.adminUsernameVePassworduGirerVeSignInButonunaTiklar()"},"keyword":"Then "},{"result":{"status":"skipped"},"line":7,"name":"Items items sekmesine ve test item sekmesine tiklar","match":{"location":"stepDefinitions.Ui.US017StepD.itemsItemsSekmesineVeTestItemSekmesineTiklar()"},"keyword":"Then "}]},{"start_timestamp":"2022-09-01T10:45:10.383Z","line":30,"name":"Admin test ogelerini silebilir","description":"","id":"us017-test-items-(oge)-olustur/guncelle/sil;admin-test-ogelerini-silebilir","type":"scenario","keyword":"Scenario","steps":[{"result":{"status":"skipped"},"line":31,"name":"Create a new Test Item butonuna tiklar","match":{"location":"stepDefinitions.Ui.US017StepD.createANewTestItemButonunaTiklar()"},"keyword":"Then "},{"result":{"status":"skipped"},"line":32,"name":"Name Description Price Default Min Value Default ve Created Date verilerini girer","match":{"location":"stepDefinitions.Ui.US017StepD.nameDescriptionPriceDefaultMinValueDefaultVeCreatedDateVerileriniGirer()"},"keyword":"Then "},{"result":{"status":"skipped"},"line":33,"name":"Herhangi bir Test Iteminin Delete butonuna tiklayarak silindigini dogrular","match":{"location":"stepDefinitions.Ui.US017StepD.herhangiBirTestItemininDeleteButonunaTiklayarakSilindiginiDogrular()"},"keyword":"Then "}],"tags":[{"name":"@US017_TC04"},{"name":"@US017"}]}],"name":"US017 Test items (oge) olustur/guncelle/sil","description":"","id":"us017-test-items-(oge)-olustur/guncelle/sil","keyword":"Feature","uri":"file:src/test/resources/features/UiFeatures/US017.feature","tags":[]}]